0 info it worked if it ends with ok
1 verbose cli [ '/usr/local/bin/node', '/usr/local/bin/npm', 'run', 'build' ]
2 info using npm@4.0.5
3 info using node@v4.2.4
4 verbose run-script [ 'prebuild', 'build', 'postbuild' ]
5 info lifecycle moonjs@0.1.3~prebuild: moonjs@0.1.3
6 silly lifecycle moonjs@0.1.3~prebuild: no script for prebuild, continuing
7 info lifecycle moonjs@0.1.3~build: moonjs@0.1.3
8 verbose lifecycle moonjs@0.1.3~build: unsafe-perm in lifecycle true
9 verbose lifecycle moonjs@0.1.3~build: PATH: /usr/local/lib/node_modules/npm/bin/node-gyp-bin:/Users/gshah/KabirProjects/moon/node_modules/.bin:/Users/gshah/torch/install/bin:/usr/local/bin:/usr/bin:/bin:/usr/sbin:/sbin
10 verbose lifecycle moonjs@0.1.3~build: CWD: /Users/gshah/KabirProjects/moon
11 silly lifecycle moonjs@0.1.3~build: Args: [ '-c', 'gulp' ]
12 silly lifecycle moonjs@0.1.3~build: Returned: code: 1  signal: null
13 info lifecycle moonjs@0.1.3~build: Failed to exec build script
14 verbose stack Error: moonjs@0.1.3 build: `gulp`
14 verbose stack Exit status 1
14 verbose stack     at EventEmitter.<anonymous> (/usr/local/lib/node_modules/npm/lib/utils/lifecycle.js:279:16)
14 verbose stack     at emitTwo (events.js:87:13)
14 verbose stack     at EventEmitter.emit (events.js:172:7)
14 verbose stack     at ChildProcess.<anonymous> (/usr/local/lib/node_modules/npm/lib/utils/spawn.js:40:14)
14 verbose stack     at emitTwo (events.js:87:13)
14 verbose stack     at ChildProcess.emit (events.js:172:7)
14 verbose stack     at maybeClose (internal/child_process.js:818:16)
14 verbose stack     at Process.ChildProcess._handle.onexit (internal/child_process.js:211:5)
15 verbose pkgid moonjs@0.1.3
16 verbose cwd /Users/gshah/KabirProjects/moon
17 error Darwin 15.6.0
18 error argv "/usr/local/bin/node" "/usr/local/bin/npm" "run" "build"
19 error node v4.2.4
20 error npm  v4.0.5
21 error code ELIFECYCLE
22 error moonjs@0.1.3 build: `gulp`
22 error Exit status 1
23 error Failed at the moonjs@0.1.3 build script 'gulp'.
23 error Make sure you have the latest version of node.js and npm installed.
23 error If you do, this is most likely a problem with the moonjs package,
23 error not with npm itself.
23 error Tell the author that this fails on your system:
23 error     gulp
23 error You can get information on how to open an issue for this project with:
23 error     npm bugs moonjs
23 error Or if that isn't available, you can get their info via:
23 error     npm owner ls moonjs
23 error There is likely additional logging output above.
24 verbose exit [ 1, true ]
